[2021-09-10 10:57:29][debug] 

call back:{"appid":"wxbd88d590cd122f31","bank_type":"OTHERS","cash_fee":"1","fee_type":"CNY","is_subscribe":"N","mch_id":"1610439352","nonce_str":"d2fz6meh0jwjpxvf2ab1n285kz7dmon8","openid":"o-eZrt9XV7ab70mg_wszeBZKP7e0","out_trade_no":"14","result_code":"SUCCESS","return_code":"SUCCESS","sign":"06BF38E1AA48C92098A59391B0BA1FE715C243557A9713F4B4DE1450E5493A4B","time_end":"20210910105728","total_fee":"1","trade_type":"JSAPI","transaction_id":"4200001153202109107753971256"}
[2021-09-10 10:57:29][debug] query:{"appid":"wxbd88d590cd122f31","attach":[],"bank_type":"OTHERS","cash_fee":"1","cash_fee_type":"CNY","fee_type":"CNY","is_subscribe":"N","mch_id":"1610439352","nonce_str":"nqbQySJ4FOGlPMFZ","openid":"o-eZrt9XV7ab70mg_wszeBZKP7e0","out_trade_no":"14","result_code":"SUCCESS","return_code":"SUCCESS","return_msg":"OK","sign":"132E3BF6977A317033043B4D03E3ABE94BEB80A67F8BD2EFCC1B7606CF51BA44","time_end":"20210910105728","total_fee":"1","trade_state":"SUCCESS","trade_state_desc":"\u652f\u4ed8\u6210\u529f","trade_type":"JSAPI","transaction_id":"4200001153202109107753971256"}
[2021-09-10 10:57:29][debug] 

call back， return xml:<xml><return_code><![CDATA[SUCCESS]]></return_code><return_msg><![CDATA[OK]]></return_msg></xml>
[2021-09-10 11:04:13][debug] 

call back:{"appid":"wxbd88d590cd122f31","bank_type":"OTHERS","cash_fee":"1","fee_type":"CNY","is_subscribe":"N","mch_id":"1610439352","nonce_str":"0eugk2shezh5emlgzwmpkyjx0lp7svto","openid":"o-eZrt9XV7ab70mg_wszeBZKP7e0","out_trade_no":"15","result_code":"SUCCESS","return_code":"SUCCESS","sign":"2F31414E40A19299A194CD6CE02C0E954B413B096E6622C1C2DB9DB9CB82556D","time_end":"20210910110412","total_fee":"1","trade_type":"JSAPI","transaction_id":"4200001171202109101859534053"}
[2021-09-10 11:04:13][debug] query:{"appid":"wxbd88d590cd122f31","attach":[],"bank_type":"OTHERS","cash_fee":"1","cash_fee_type":"CNY","fee_type":"CNY","is_subscribe":"N","mch_id":"1610439352","nonce_str":"8ZG7T6KavLNd9ltB","openid":"o-eZrt9XV7ab70mg_wszeBZKP7e0","out_trade_no":"15","result_code":"SUCCESS","return_code":"SUCCESS","return_msg":"OK","sign":"4D1605DF80160AA9387F88E7749EC228C332E69327FE767A8C86FB754397DD1C","time_end":"20210910110412","total_fee":"1","trade_state":"SUCCESS","trade_state_desc":"\u652f\u4ed8\u6210\u529f","trade_type":"JSAPI","transaction_id":"4200001171202109101859534053"}
[2021-09-10 11:04:13][debug] 

call back， return xml:<xml><return_code><![CDATA[SUCCESS]]></return_code><return_msg><![CDATA[OK]]></return_msg></xml>
[2021-09-10 11:38:41][debug] 

call back:{"appid":"wxbd88d590cd122f31","bank_type":"OTHERS","cash_fee":"1","fee_type":"CNY","is_subscribe":"N","mch_id":"1610439352","nonce_str":"gj0ibb20gry10tva7ho181iy2cdv405j","openid":"o-eZrt9XV7ab70mg_wszeBZKP7e0","out_trade_no":"16","result_code":"SUCCESS","return_code":"SUCCESS","sign":"89F3DA5B58F7602352422C059291B80661533C07119E4C1D626D75908F86A426","time_end":"20210910113840","total_fee":"1","trade_type":"JSAPI","transaction_id":"4200001178202109107447332588"}
[2021-09-10 11:38:41][debug] query:{"appid":"wxbd88d590cd122f31","attach":[],"bank_type":"OTHERS","cash_fee":"1","cash_fee_type":"CNY","fee_type":"CNY","is_subscribe":"N","mch_id":"1610439352","nonce_str":"4h7XuC1ZtlEAEZNe","openid":"o-eZrt9XV7ab70mg_wszeBZKP7e0","out_trade_no":"16","result_code":"SUCCESS","return_code":"SUCCESS","return_msg":"OK","sign":"CC6615CA8A3ECD9BD1320171C32BA37BD5C60C07998608DA520509A5652B14C9","time_end":"20210910113840","total_fee":"1","trade_state":"SUCCESS","trade_state_desc":"\u652f\u4ed8\u6210\u529f","trade_type":"JSAPI","transaction_id":"4200001178202109107447332588"}
[2021-09-10 11:38:41][debug] 

call back， return xml:<xml><return_code><![CDATA[SUCCESS]]></return_code><return_msg><![CDATA[OK]]></return_msg></xml>
[2021-09-10 11:39:59][debug] 

call back:{"appid":"wxbd88d590cd122f31","bank_type":"OTHERS","cash_fee":"1","fee_type":"CNY","is_subscribe":"N","mch_id":"1610439352","nonce_str":"s91uqbfu5vddpub30spkdymttuasqovd","openid":"o-eZrt9XV7ab70mg_wszeBZKP7e0","out_trade_no":"17","result_code":"SUCCESS","return_code":"SUCCESS","sign":"4DD39BF7399EB1535FE64E7F8AD4B5A795C0CF7FC4EA137AB22B822086A99429","time_end":"20210910113959","total_fee":"1","trade_type":"JSAPI","transaction_id":"4200001160202109108117438175"}
[2021-09-10 11:39:59][debug] query:{"appid":"wxbd88d590cd122f31","attach":[],"bank_type":"OTHERS","cash_fee":"1","cash_fee_type":"CNY","fee_type":"CNY","is_subscribe":"N","mch_id":"1610439352","nonce_str":"HIdfBYGYgHBofcIX","openid":"o-eZrt9XV7ab70mg_wszeBZKP7e0","out_trade_no":"17","result_code":"SUCCESS","return_code":"SUCCESS","return_msg":"OK","sign":"856056CCE750AF626C132270765A1E7A2B18509929AF231A43B09A536691BDC3","time_end":"20210910113959","total_fee":"1","trade_state":"SUCCESS","trade_state_desc":"\u652f\u4ed8\u6210\u529f","trade_type":"JSAPI","transaction_id":"4200001160202109108117438175"}
[2021-09-10 11:39:59][debug] 

call back， return xml:<xml><return_code><![CDATA[SUCCESS]]></return_code><return_msg><![CDATA[OK]]></return_msg></xml>
[2021-09-10 11:41:10][debug] 

call back:{"appid":"wxbd88d590cd122f31","bank_type":"OTHERS","cash_fee":"1","fee_type":"CNY","is_subscribe":"N","mch_id":"1610439352","nonce_str":"56cmpbej8uzcdzc3f4p7zyh1tezk80wd","openid":"o-eZrt9XV7ab70mg_wszeBZKP7e0","out_trade_no":"18","result_code":"SUCCESS","return_code":"SUCCESS","sign":"63A3B31BF993CEADE614ED8238548D3C65E1BE84000AEBB6393BF0662826FAA4","time_end":"20210910114110","total_fee":"1","trade_type":"JSAPI","transaction_id":"4200001199202109106400740481"}
[2021-09-10 11:41:10][debug] query:{"appid":"wxbd88d590cd122f31","attach":[],"bank_type":"OTHERS","cash_fee":"1","cash_fee_type":"CNY","fee_type":"CNY","is_subscribe":"N","mch_id":"1610439352","nonce_str":"5ctOwRUdNt83jaLx","openid":"o-eZrt9XV7ab70mg_wszeBZKP7e0","out_trade_no":"18","result_code":"SUCCESS","return_code":"SUCCESS","return_msg":"OK","sign":"7DE98511EDF457143283767D4BB953FD8D7F3CCB9FD7F872AE4A220CF30FDEAE","time_end":"20210910114110","total_fee":"1","trade_state":"SUCCESS","trade_state_desc":"\u652f\u4ed8\u6210\u529f","trade_type":"JSAPI","transaction_id":"4200001199202109106400740481"}
[2021-09-10 11:41:10][debug] 

call back， return xml:<xml><return_code><![CDATA[SUCCESS]]></return_code><return_msg><![CDATA[OK]]></return_msg></xml>
[2021-09-10 11:45:14][debug] 

call back:{"appid":"wxbd88d590cd122f31","bank_type":"OTHERS","cash_fee":"1","fee_type":"CNY","is_subscribe":"N","mch_id":"1610439352","nonce_str":"ebzagd4o4l6qyu5m677wfd4n7qzuyqmj","openid":"o-eZrt9XV7ab70mg_wszeBZKP7e0","out_trade_no":"19","result_code":"SUCCESS","return_code":"SUCCESS","sign":"533C3774DD9F4D7EB16B31F7473565977DD1D3355C09F94DAF0F501C1237A344","time_end":"20210910114513","total_fee":"1","trade_type":"JSAPI","transaction_id":"4200001196202109101866660998"}
[2021-09-10 11:45:14][debug] query:{"appid":"wxbd88d590cd122f31","attach":[],"bank_type":"OTHERS","cash_fee":"1","cash_fee_type":"CNY","fee_type":"CNY","is_subscribe":"N","mch_id":"1610439352","nonce_str":"wHWe7fHcpBKRywxZ","openid":"o-eZrt9XV7ab70mg_wszeBZKP7e0","out_trade_no":"19","result_code":"SUCCESS","return_code":"SUCCESS","return_msg":"OK","sign":"C2C27D5FCC50422B140A26818E1C33B2517F2A54FA97733F0E13173ABB9F214A","time_end":"20210910114513","total_fee":"1","trade_state":"SUCCESS","trade_state_desc":"\u652f\u4ed8\u6210\u529f","trade_type":"JSAPI","transaction_id":"4200001196202109101866660998"}
[2021-09-10 11:45:14][debug] 

call back， return xml:<xml><return_code><![CDATA[SUCCESS]]></return_code><return_msg><![CDATA[OK]]></return_msg></xml>
[2021-09-10 15:08:55][debug] 

call back:{"appid":"wxbd88d590cd122f31","bank_type":"OTHERS","cash_fee":"1","fee_type":"CNY","is_subscribe":"N","mch_id":"1610439352","nonce_str":"iumtfrp8dl2fq1jyik4pj0b2vzj4qqhx","openid":"o-eZrt9XV7ab70mg_wszeBZKP7e0","out_trade_no":"20","result_code":"SUCCESS","return_code":"SUCCESS","sign":"48BB3D1652CCB8CC8DFDBC29DA087EA1AE694407670228D37FE5543368297744","time_end":"20210910150855","total_fee":"1","trade_type":"JSAPI","transaction_id":"4200001200202109105527736378"}
[2021-09-10 15:08:56][debug] query:{"appid":"wxbd88d590cd122f31","attach":[],"bank_type":"OTHERS","cash_fee":"1","cash_fee_type":"CNY","fee_type":"CNY","is_subscribe":"N","mch_id":"1610439352","nonce_str":"WqmfgOhnpyK9vvsy","openid":"o-eZrt9XV7ab70mg_wszeBZKP7e0","out_trade_no":"20","result_code":"SUCCESS","return_code":"SUCCESS","return_msg":"OK","sign":"523259100585DC324CD53560AB50D0EB3D383B5AE2898F30FC1BF30041E27C1F","time_end":"20210910150855","total_fee":"1","trade_state":"SUCCESS","trade_state_desc":"\u652f\u4ed8\u6210\u529f","trade_type":"JSAPI","transaction_id":"4200001200202109105527736378"}
[2021-09-10 15:08:56][debug] 

call back， return xml:<xml><return_code><![CDATA[SUCCESS]]></return_code><return_msg><![CDATA[OK]]></return_msg></xml>
